Screen Set d:\sistema\sisquali\code\int_cons.spr has the following errors:
    Unknown LIST_UF - Undefined

Screen Set d:\sistema\sisquali\code\cad_area.spr has the following errors:
    Unknown LIST_UF - Undefined

Screen Set d:\sistema\sisquali\code\cxbancos.spr has the following errors:
    Unknown LIST_LOJ - Undefined

Screen Set d:\sistema\sisquali\code\cad_crm.spr has the following errors:
    Unknown LIST_CUR - Undefined
    Unknown LIST_ARE - Undefined
    Unknown LST_ICUR - Undefined
    Unknown LST_IARE - Undefined

Screen Set d:\sistema\sisquali\code\cad_cli2.spr has the following errors:
    Unknown LIST_CUR - Undefined
    Unknown LIST_ARE - Undefined
    Unknown LIST_STA - Undefined

Screen Set d:\sistema\sisquali\code\modulos.spr has the following errors:
    Unknown LST_CURS - Undefined

Screen Set d:\sistema\sisquali\code\discprof.spr has the following errors:
    Unknown LIST_DISC - Undefined

Screen Set d:\sistema\sisquali\code\profdisc.spr has the following errors:
    Unknown LST_PROF - Undefined

Report d:\sistema\sisquali\code\imp_tar.frx has the following errors:
    Unknown LIST_BAN - Undefined

Screen Set d:\sistema\sisquali\code\cont_rat.spr has the following errors:
    Unknown LIST_BAN - Undefined
    Unknown LIST_FOR - Undefined
    Unknown LIST_CCU - Undefined
    Unknown LST_AREA - Undefined
    Unknown LST_SUBA - Undefined
    Unknown LIST_TIP - Undefined

Screen Set d:\sistema\sisquali\code\clicurso.spr has the following errors:
    Unknown LST_AREA - Undefined

Screen Set d:\sistema\sisquali\code\lanc_tcc.spr has the following errors:
    Unknown L_CLICUR - Undefined

Screen Set d:\sistema\sisquali\code\lancacad.spr has the following errors:
    Unknown LST_CURS - Undefined

Screen Set d:\sistema\sisquali\code\imp_mod.spr has the following errors:
    Unknown LIST_MOD - Undefined

Screen Set d:\sistema\sisquali\code\lanc_la.spr has the following errors:
    Unknown LIST_LA - Undefined

Program d:\sistema\sisquali\code\mod_pres.prg has the following errors:
    Unknown LST_CURS - Undefined

Program d:\sistema\sisquali\code\exp_parc.prg has the following errors:
    Unknown LIST_CAB - Undefined

Program d:\sistema\sisquali\code\exp_fin.prg has the following errors:
    Unknown LIST_CAB - Undefined

Program d:\sistema\sisquali\code\cli_pres.prg has the following errors:
    Unknown L_CLICUR - Undefined

Program d:\sistema\sisquali\code\geraacei.prg has the following errors:
    Unknown LIST_MES - Undefined

Report d:\sistema\sisquali\code\espelho.frx has the following errors:
    Unknown LST_CURS - Undefined

Report d:\sistema\sisquali\code\espelho2.frx has the following errors:
    Unknown LST_CURS - Undefined

Report d:\sistema\sisquali\code\listcli1.frx has the following errors:
    Unknown LST_AREA - Undefined
    Unknown LST_SUBA - Undefined

Program d:\sistema\sisquali\code\fluxo.prg has the following errors:
    Unknown LST_AREA - Undefined
    Unknown LST_SUBA - Undefined

Report d:\sistema\sisquali\code\afdstud1.frx has the following errors:
    Unknown LST_AREA - Undefined
    Unknown LST_SUBA - Undefined

Report d:\sistema\sisquali\code\relcob.frx has the following errors:
    Unknown LISTCOB - Undefined

Report d:\sistema\sisquali\code\afdstud2.frx has the following errors:
    Unknown LST_AREA - Undefined
    Unknown LST_SUBA - Undefined

