Screen Set c:\xampp\htdocs\luanda\cad_cli.spr has the following errors:
    Unknown VERACESS - Undefined

Report c:\xampp\htdocs\luanda\afdstud1.frx has the following errors:
    Unknown LST_SUBA - Undefined
    Unknown LST_AREA - Undefined

Screen Set c:\xampp\htdocs\luanda\cad_cli2.spr has the following errors:
    Unknown VERACESS - Undefined
    Unknown LIST_STA - Undefined
    Unknown LEVPERCENT - Undefined
    Unknown LIST_CUR - Undefined
    Unknown LIST_ARE - Undefined

Screen Set c:\xampp\htdocs\luanda\cad_crm.spr has the following errors:
    Unknown VERACESS - Undefined
    Unknown LIST_CUR - Undefined
    Unknown LIST_ARE - Undefined
    Unknown LST_ICUR - Undefined
    Unknown LST_IARE - Undefined

Screen Set c:\xampp\htdocs\luanda\cli_docs.spr has the following errors:
    Unknown VERACESS - Undefined

Screen Set c:\xampp\htdocs\luanda\clicurso.spr has the following errors:
    Unknown LST_AREA - Undefined

Program c:\xampp\htdocs\luanda\cli_pres.prg has the following errors:
    Unknown L_CLICUR - Undefined

Screen Set c:\xampp\htdocs\luanda\lanc_tcc.spr has the following errors:
    Unknown VERACESS - Undefined
    Unknown L_CLICUR - Undefined

Screen Set c:\xampp\htdocs\luanda\ativgrup.spr has the following errors:
    Unknown VERACESS - Undefined

Screen Set c:\xampp\htdocs\luanda\assugrup.spr has the following errors:
    Unknown VERACESS - Undefined

Report c:\xampp\htdocs\luanda\afdstud2.frx has the following errors:
    Unknown LST_SUBA - Undefined
    Unknown LST_AREA - Undefined

